BarcodeMode -> "Barcode"
BarcodeMode.reference -> "ON"
MachMode -> "Auto"
OpMode -> "N/A"
RimList@0.rim.Active -> true
RimList@0.rim.LowerRimPartNum -> "-"
RimList@0.rim.Profile -> ""
RimList@0.rim.RimSetId -> "5R72"
RimList@0.rim.RimSteps@0.RimStep.Diameter -> 0
RimList@0.rim.RimSteps@0.RimStep.Diameter.unit -> "IN "
RimList@0.rim.RimSteps@0.RimStep.MaxWidth -> 0.175
RimList@0.rim.RimSteps@0.RimStep.MaxWidth.unit -> "IN"
RimList@0.rim.RimSteps@0.RimStep.MinWidth -> 0.3274
RimList@0.rim.RimSteps@0.RimStep.MinWidth.unit -> "IN"
RimList@0.rim.RimSteps@1.RimStep.Diameter -> 0.405
RimList@0.rim.RimSteps@1.RimStep.Diameter.unit -> "IN"
RimList@0.rim.RimSteps@1.RimStep.MaxWidth -> 0.0762
RimList@0.rim.RimSteps@1.RimStep.MaxWidth.unit -> "IN"
RimList@0.rim.RimSteps@1.RimStep.MinWidth -> 0.2286
RimList@0.rim.RimSteps@1.RimStep.MinWidth.unit -> "IN"
RimList@0.rim.RimSteps@2.RimStep.Diameter -> 0.4614
RimList@0.rim.RimSteps@2.RimStep.Diameter.unit -> "IN"
RimList@0.rim.RimSteps@2.RimStep.MaxWidth -> 0.1524
RimList@0.rim.RimSteps@2.RimStep.MaxWidth.unit -> "IN"
RimList@0.rim.RimSteps@2.RimStep.MinWidth -> 0.3048
RimList@0.rim.RimSteps@2.RimStep.MinWidth.unit -> "IN"
RimList@0.rim.UpperRimPartNum -> "-"
RimList@1.rim.Active -> false
RimList@1.rim.LowerRimPartNum -> "-"
RimList@1.rim.Profile -> ""
RimList@1.rim.RimSetId -> "5R80"
RimList@1.rim.RimSteps@0.RimStep.Diameter -> 0
RimList@1.rim.RimSteps@0.RimStep.Diameter.unit -> "IN"
RimList@1.rim.RimSteps@0.RimStep.MaxWidth -> 0.175
RimList@1.rim.RimSteps@0.RimStep.MaxWidth.unit -> "IN"
RimList@1.rim.RimSteps@0.RimStep.MinWidth -> 0.3274
RimList@1.rim.RimSteps@0.RimStep.MinWidth.unit -> "IN"
RimList@1.rim.RimSteps@1.RimStep.Diameter -> 0.3796
RimList@1.rim.RimSteps@1.RimStep.Diameter.unit -> "IN"
RimList@1.rim.RimSteps@1.RimStep.MaxWidth -> 0.0762
RimList@1.rim.RimSteps@1.RimStep.MaxWidth.unit -> "IN"
RimList@1.rim.RimSteps@1.RimStep.MinWidth -> 0.2286
RimList@1.rim.RimSteps@1.RimStep.MinWidth.unit -> "IN"
RimList@1.rim.RimSteps@2.RimStep.Diameter -> 0.436
RimList@1.rim.RimSteps@2.RimStep.Diameter.unit -> "IN"
RimList@1.rim.RimSteps@2.RimStep.MaxWidth -> 0.1524
RimList@1.rim.RimSteps@2.RimStep.MaxWidth.unit -> "IN"
RimList@1.rim.RimSteps@2.RimStep.MinWidth -> 0.3048
RimList@1.rim.RimSteps@2.RimStep.MinWidth.unit -> "IN"
RimList@1.rim.UpperRimPartNum -> "-"
RimList@2.rim.Active -> false
RimList@2.rim.LowerRimPartNum -> "-"
RimList@2.rim.Profile -> ""
RimList@2.rim.RimSetId -> "5R71"
RimList@2.rim.RimSteps@0.RimStep.Diameter -> 0
RimList@2.rim.RimSteps@0.RimStep.Diameter.unit -> "IN"
RimList@2.rim.RimSteps@0.RimStep.MaxWidth -> 0.175
RimList@2.rim.RimSteps@0.RimStep.MaxWidth.unit -> "IN"
RimList@2.rim.RimSteps@0.RimStep.MinWidth -> 0.3274
RimList@2.rim.RimSteps@0.RimStep.MinWidth.unit -> "IN"
RimList@2.rim.RimSteps@1.RimStep.Diameter -> 0.3796
RimList@2.rim.RimSteps@1.RimStep.Diameter.unit -> "IN"
RimList@2.rim.RimSteps@1.RimStep.MaxWidth -> 0.0762
RimList@2.rim.RimSteps@1.RimStep.MaxWidth.unit -> "IN"
RimList@2.rim.RimSteps@1.RimStep.MinWidth -> 0.2286
RimList@2.rim.RimSteps@1.RimStep.MinWidth.unit -> "IN"
RimList@2.rim.RimSteps@2.RimStep.Diameter -> 0.436
RimList@2.rim.RimSteps@2.RimStep.Diameter.unit -> "IN"
RimList@2.rim.RimSteps@2.RimStep.MaxWidth -> 0.1524
RimList@2.rim.RimSteps@2.RimStep.MaxWidth.unit -> "IN"
RimList@2.rim.RimSteps@2.RimStep.MinWidth -> 0.3048
RimList@2.rim.RimSteps@2.RimStep.MinWidth.unit -> "IN"
RimList@2.rim.UpperRimPartNum -> "-"